Create directory ./foldseek_clusters/foldseekCluster90_1E-5/foldseek_structure_reps_all_vs_all/tmp
easy-search ./foldseek_clusters/foldseekCluster90_1E-5/structure_reps ./foldseek_clusters/foldseekCluster90_1E-5/foldseekCluster90_1E-5DB/foldseekCluster90_1E-5DB ./foldseek_clusters/foldseekCluster90_1E-5/foldseek_structure_reps_all_vs_all/foldseekCluster90_structure_reps_all_vs_all.tsv ./foldseek_clusters/foldseekCluster90_1E-5/foldseek_structure_reps_all_vs_all/tmp --format-mode 4 --format-output query,target,fident,alnlen,mismatch,gapopen,qstart,qend,qlen,qcov,tstart,tend,tlen,tcov,evalue,bits,prob,lddt,alntmscore -e 0.1 --threads 8 

MMseqs Version:              	9.427df8a
Seq. id. threshold           	0
Coverage threshold           	0
Coverage mode                	0
Max reject                   	2147483647
Max accept                   	2147483647
Add backtrace                	false
TMscore threshold            	0
TMalign hit order            	0
TMalign fast                 	1
Preload mode                 	0
Threads                      	8
Verbosity                    	3
LDDT threshold               	0
Sort by structure bit score  	1
Alignment type               	2
Exact TMscore                	0
Substitution matrix          	aa:3di.out,nucl:3di.out
Alignment mode               	3
Alignment mode               	0
E-value threshold            	0.1
Min alignment length         	0
Seq. id. mode                	0
Alternative alignments       	0
Max sequence length          	65535
Compositional bias           	1
Compositional bias           	1
Gap open cost                	aa:10,nucl:10
Gap extension cost           	aa:1,nucl:1
Compressed                   	0
Seed substitution matrix     	aa:3di.out,nucl:3di.out
Sensitivity                  	9.5
k-mer length                 	6
Target search mode           	0
k-score                      	seq:2147483647,prof:2147483647
Max results per query        	1000
Split database               	0
Split mode                   	2
Split memory limit           	0
Diagonal scoring             	true
Exact k-mer matching         	0
Mask residues                	0
Mask residues probability    	0.99995
Mask lower case residues     	1
Minimum diagonal score       	30
Selected taxa                	
Spaced k-mers                	1
Spaced k-mer pattern         	
Local temporary path         	
Exhaustive search mode       	false
Prefilter mode               	0
Search iterations            	1
Remove temporary files       	true
MPI runner                   	
Force restart with latest tmp	false
Cluster search               	0
Path to ProstT5              	
Chain name mode              	0
Write mapping file           	0
Mask b-factor threshold      	0
Coord store mode             	2
Write lookup file            	1
Input format                 	0
File Inclusion Regex         	.*
File Exclusion Regex         	^$
Alignment format             	4
Format alignment output      	query,target,fident,alnlen,mismatch,gapopen,qstart,qend,qlen,qcov,tstart,tend,tlen,tcov,evalue,bits,prob,lddt,alntmscore
Database output              	false
Greedy best hits             	false

Alignment backtraces will be computed, since they were requested by output format.
createdb ./foldseek_clusters/foldseekCluster90_1E-5/structure_reps ./foldseek_clusters/foldseekCluster90_1E-5/foldseek_structure_reps_all_vs_all/tmp/15356129947408451501/query --chain-name-mode 0 --write-mapping 0 --mask-bfactor-threshold 0 --coord-store-mode 2 --write-lookup 1 --input-format 0 --file-include '.*' --file-exclude '^$' --threads 8 -v 3 

Output file: ./foldseek_clusters/foldseekCluster90_1E-5/foldseek_structure_reps_all_vs_all/tmp/15356129947408451501/query
[=================================================================] 19.07K 6s 230ms
Time for merging to query_ss: 0h 0m 0s 11ms
Time for merging to query_h: 0h 0m 0s 5ms
Time for merging to query_ca: 0h 0m 0s 35ms
Time for merging to query: 0h 0m 0s 10ms
Ignore 0 out of 19067.
Too short: 0, incorrect: 0, not proteins: 0.
Time for processing: 0h 0m 6s 595ms
Create directory ./foldseek_clusters/foldseekCluster90_1E-5/foldseek_structure_reps_all_vs_all/tmp/15356129947408451501/search_tmp
search ./foldseek_clusters/foldseekCluster90_1E-5/foldseek_structure_reps_all_vs_all/tmp/15356129947408451501/query ./foldseek_clusters/foldseekCluster90_1E-5/foldseekCluster90_1E-5DB/foldseekCluster90_1E-5DB ./foldseek_clusters/foldseekCluster90_1E-5/foldseek_structure_reps_all_vs_all/tmp/15356129947408451501/result ./foldseek_clusters/foldseekCluster90_1E-5/foldseek_structure_reps_all_vs_all/tmp/15356129947408451501/search_tmp -a 1 --threads 8 --alignment-mode 3 -e 0.1 --comp-bias-corr 1 --gap-open aa:10,nucl:10 --gap-extend aa:1,nucl:1 -s 9.5 -k 6 --mask 0 --mask-prob 0.99995 --remove-tmp-files 1 

prefilter ./foldseek_clusters/foldseekCluster90_1E-5/foldseek_structure_reps_all_vs_all/tmp/15356129947408451501/query_ss ./foldseek_clusters/foldseekCluster90_1E-5/foldseekCluster90_1E-5DB/foldseekCluster90_1E-5DB_ss.idx ./foldseek_clusters/foldseekCluster90_1E-5/foldseek_structure_reps_all_vs_all/tmp/15356129947408451501/search_tmp/3029447784913626610/pref --sub-mat 'aa:3di.out,nucl:3di.out' --seed-sub-mat 'aa:3di.out,nucl:3di.out' -s 9.5 -k 6 --target-search-mode 0 --k-score seq:2147483647,prof:2147483647 --alph-size aa:21,nucl:5 --max-seq-len 65535 --max-seqs 1000 --split 0 --split-mode 2 --split-memory-limit 0 -c 0 --cov-mode 0 --comp-bias-corr 1 --comp-bias-corr-scale 0.15 --diag-score 1 --exact-kmer-matching 0 --mask 0 --mask-prob 0.99995 --mask-lower-case 1 --min-ungapped-score 30 --add-self-matches 0 --spaced-kmer-mode 1 --db-load-mode 0 --pca substitution:1.100,context:1.400 --pcb substitution:4.100,context:5.800 --threads 8 --compressed 0 -v 3 

Index version: fs1
Generated by:  9.427df8a
ScoreMatrix:  3di.out
Query database size: 19067 type: Aminoacid
Estimated memory consumption: 1014M
Target database size: 19067 type: Aminoacid
Process prefiltering step 1 of 1

k-mer similarity threshold: 78
Starting prefiltering scores calculation (step 1 of 1)
Query db start 1 to 19067
Target db start 1 to 19067
[=================================================================] 19.07K 51s 958ms

2010.516028 k-mers per position
443593 DB matches per sequence
492 overflows
919 sequences passed prefiltering per query sequence
1000 median result list length
721 sequences with 0 size result lists
Time for merging to pref: 0h 0m 0s 5ms
Time for processing: 0h 0m 53s 204ms
structurealign ./foldseek_clusters/foldseekCluster90_1E-5/foldseek_structure_reps_all_vs_all/tmp/15356129947408451501/query ./foldseek_clusters/foldseekCluster90_1E-5/foldseekCluster90_1E-5DB/foldseekCluster90_1E-5DB.idx ./foldseek_clusters/foldseekCluster90_1E-5/foldseek_structure_reps_all_vs_all/tmp/15356129947408451501/search_tmp/3029447784913626610/pref ./foldseek_clusters/foldseekCluster90_1E-5/foldseek_structure_reps_all_vs_all/tmp/15356129947408451501/search_tmp/3029447784913626610/strualn --tmscore-threshold 0 --lddt-threshold 0 --sort-by-structure-bits 1 --alignment-type 2 --exact-tmscore 0 --sub-mat 'aa:3di.out,nucl:3di.out' -a 1 --alignment-mode 3 --alignment-output-mode 0 --wrapped-scoring 0 -e 0.1 --min-seq-id 0 --min-aln-len 0 --seq-id-mode 0 --alt-ali 0 -c 0 --cov-mode 0 --max-seq-len 65535 --comp-bias-corr 1 --comp-bias-corr-scale 0.5 --max-rejected 2147483647 --max-accept 2147483647 --add-self-matches 0 --db-load-mode 0 --pca substitution:1.100,context:1.400 --pcb substitution:4.100,context:5.800 --score-bias 0 --realign 0 --realign-score-bias -0.2 --realign-max-seqs 2147483647 --corr-score-weight 0 --gap-open aa:10,nucl:10 --gap-extend aa:1,nucl:1 --zdrop 40 --threads 8 --compressed 0 -v 3 

Index version: fs1
Generated by:  9.427df8a
ScoreMatrix:  3di.out
Index version: fs1
Generated by:  9.427df8a
ScoreMatrix:  3di.out
Index version: fs1
Generated by:  9.427df8a
ScoreMatrix:  3di.out
posix_madvise returned an error (touchMemory)
[=================================================================] 19.07K 2m 6s 806ms
Time for merging to strualn: 0h 0m 0s 6ms
Time for processing: 0h 2m 7s 74ms
mvdb ./foldseek_clusters/foldseekCluster90_1E-5/foldseek_structure_reps_all_vs_all/tmp/15356129947408451501/search_tmp/3029447784913626610/strualn ./foldseek_clusters/foldseekCluster90_1E-5/foldseek_structure_reps_all_vs_all/tmp/15356129947408451501/search_tmp/3029447784913626610/aln 

Time for processing: 0h 0m 0s 0ms
mvdb ./foldseek_clusters/foldseekCluster90_1E-5/foldseek_structure_reps_all_vs_all/tmp/15356129947408451501/search_tmp/3029447784913626610/aln ./foldseek_clusters/foldseekCluster90_1E-5/foldseek_structure_reps_all_vs_all/tmp/15356129947408451501/result -v 3 

Time for processing: 0h 0m 0s 0ms
Removing temporary files
rmdb ./foldseek_clusters/foldseekCluster90_1E-5/foldseek_structure_reps_all_vs_all/tmp/15356129947408451501/search_tmp/3029447784913626610/pref -v 3 

Time for processing: 0h 0m 0s 43ms
convertalis ./foldseek_clusters/foldseekCluster90_1E-5/foldseek_structure_reps_all_vs_all/tmp/15356129947408451501/query ./foldseek_clusters/foldseekCluster90_1E-5/foldseekCluster90_1E-5DB/foldseekCluster90_1E-5DB.idx ./foldseek_clusters/foldseekCluster90_1E-5/foldseek_structure_reps_all_vs_all/tmp/15356129947408451501/result ./foldseek_clusters/foldseekCluster90_1E-5/foldseek_structure_reps_all_vs_all/foldseekCluster90_structure_reps_all_vs_all.tsv --sub-mat 'aa:3di.out,nucl:3di.out' --format-mode 4 --format-output query,target,fident,alnlen,mismatch,gapopen,qstart,qend,qlen,qcov,tstart,tend,tlen,tcov,evalue,bits,prob,lddt,alntmscore --translation-table 1 --gap-open aa:10,nucl:10 --gap-extend aa:1,nucl:1 --db-output 0 --db-load-mode 0 --search-type 0 --threads 8 --compressed 0 -v 3 --exact-tmscore 0 

Index version: fs1
Generated by:  9.427df8a
ScoreMatrix:  3di.out
Index version: fs1
Generated by:  9.427df8a
ScoreMatrix:  3di.out
Index version: fs1
Generated by:  9.427df8a
ScoreMatrix:  3di.out
[=================================================================] 19.07K 14s 563ms
Time for merging to foldseekCluster90_structure_reps_all_vs_all.tsv: 0h 0m 0s 33ms
Time for processing: 0h 0m 14s 678ms
rmdb ./foldseek_clusters/foldseekCluster90_1E-5/foldseek_structure_reps_all_vs_all/tmp/15356129947408451501/result -v 3 

Time for processing: 0h 0m 0s 4ms
rmdb ./foldseek_clusters/foldseekCluster90_1E-5/foldseek_structure_reps_all_vs_all/tmp/15356129947408451501/query -v 3 

Time for processing: 0h 0m 0s 1ms
rmdb ./foldseek_clusters/foldseekCluster90_1E-5/foldseek_structure_reps_all_vs_all/tmp/15356129947408451501/query_h -v 3 

Time for processing: 0h 0m 0s 0ms
rmdb ./foldseek_clusters/foldseekCluster90_1E-5/foldseek_structure_reps_all_vs_all/tmp/15356129947408451501/query_ca -v 3 

Time for processing: 0h 0m 0s 6ms
rmdb ./foldseek_clusters/foldseekCluster90_1E-5/foldseek_structure_reps_all_vs_all/tmp/15356129947408451501/query_ss -v 3 

Time for processing: 0h 0m 0s 1ms
