./mmseqs2_clusters/mmseqsCluster50-90 exists and will be overwritten
Create directory ./mmseqs2_clusters/mmseqsCluster50-90/tmp
easy-cluster ./mmseqs2_clusters/predicted_proteins.fasta ./mmseqs2_clusters/mmseqsCluster50-90 ./mmseqs2_clusters/mmseqsCluster50-90/tmp --min-seq-id 0.5 --cov-mode 0 -c 0.9 -e 0.001 --cluster-mode 0 --threads 8 

MMseqs Version:                     	15.6f452
Substitution matrix                 	aa:blosum62.out,nucl:nucleotide.out
Seed substitution matrix            	aa:VTML80.out,nucl:nucleotide.out
Sensitivity                         	4
k-mer length                        	0
Target search mode                  	0
k-score                             	seq:2147483647,prof:2147483647
Alphabet size                       	aa:21,nucl:5
Max sequence length                 	65535
Max results per query               	20
Split database                      	0
Split mode                          	2
Split memory limit                  	0
Coverage threshold                  	0.9
Coverage mode                       	0
Compositional bias                  	1
Compositional bias                  	1
Diagonal scoring                    	true
Exact k-mer matching                	0
Mask residues                       	1
Mask residues probability           	0.9
Mask lower case residues            	0
Minimum diagonal score              	15
Selected taxa                       	
Include identical seq. id.          	false
Spaced k-mers                       	1
Preload mode                        	0
Pseudo count a                      	substitution:1.100,context:1.400
Pseudo count b                      	substitution:4.100,context:5.800
Spaced k-mer pattern                	
Local temporary path                	
Threads                             	8
Compressed                          	0
Verbosity                           	3
Add backtrace                       	false
Alignment mode                      	3
Alignment mode                      	0
Allow wrapped scoring               	false
E-value threshold                   	0.001
Seq. id. threshold                  	0.5
Min alignment length                	0
Seq. id. mode                       	0
Alternative alignments              	0
Max reject                          	2147483647
Max accept                          	2147483647
Score bias                          	0
Realign hits                        	false
Realign score bias                  	-0.2
Realign max seqs                    	2147483647
Correlation score weight            	0
Gap open cost                       	aa:11,nucl:5
Gap extension cost                  	aa:1,nucl:2
Zdrop                               	40
Rescore mode                        	0
Remove hits by seq. id. and coverage	false
Sort results                        	0
Cluster mode                        	0
Max connected component depth       	1000
Similarity type                     	2
Weight file name                    	
Cluster Weight threshold            	0.9
Single step clustering              	false
Cascaded clustering steps           	3
Cluster reassign                    	false
Remove temporary files              	true
Force restart with latest tmp       	false
MPI runner                          	
k-mers per sequence                 	21
Scale k-mers per sequence           	aa:0.000,nucl:0.200
Adjust k-mer length                 	false
Shift hash                          	67
Include only extendable             	false
Skip repeating k-mers               	false
Database type                       	0
Shuffle input database              	true
Createdb mode                       	1
Write lookup file                   	0
Offset of numeric ids               	0

createdb ./mmseqs2_clusters/predicted_proteins.fasta ./mmseqs2_clusters/mmseqsCluster50-90/tmp/2011973300199585503/input --dbtype 0 --shuffle 1 --createdb-mode 1 --write-lookup 0 --id-offset 0 --compressed 0 -v 3 

Shuffle database cannot be combined with --createdb-mode 0
We recompute with --shuffle 0
Converting sequences
[========
Time for merging to input_h: 0h 0m 0s 0ms
Time for merging to input: 0h 0m 0s 0ms
Database type: Aminoacid
Time for processing: 0h 0m 0s 41ms
Create directory ./mmseqs2_clusters/mmseqsCluster50-90/tmp/2011973300199585503/clu_tmp
cluster ./mmseqs2_clusters/mmseqsCluster50-90/tmp/2011973300199585503/input ./mmseqs2_clusters/mmseqsCluster50-90/tmp/2011973300199585503/clu ./mmseqs2_clusters/mmseqsCluster50-90/tmp/2011973300199585503/clu_tmp --max-seqs 20 -c 0.9 --cov-mode 0 --spaced-kmer-mode 1 --threads 8 --alignment-mode 3 -e 0.001 --min-seq-id 0.5 --cluster-mode 0 --remove-tmp-files 1 

Set cluster sensitivity to -s 3.000000
Set cluster iterations to 3
linclust ./mmseqs2_clusters/mmseqsCluster50-90/tmp/2011973300199585503/input ./mmseqs2_clusters/mmseqsCluster50-90/tmp/2011973300199585503/clu_tmp/15286009308258207560/clu_redundancy ./mmseqs2_clusters/mmseqsCluster50-90/tmp/2011973300199585503/clu_tmp/15286009308258207560/linclust --cluster-mode 0 --max-iterations 1000 --similarity-type 2 --threads 8 --compressed 0 -v 3 --cluster-weight-threshold 0.9 --sub-mat 'aa:blosum62.out,nucl:nucleotide.out' -a 0 --alignment-mode 3 --alignment-output-mode 0 --wrapped-scoring 0 -e 0.001 --min-seq-id 0.5 --min-aln-len 0 --seq-id-mode 0 --alt-ali 0 -c 0.9 --cov-mode 0 --max-seq-len 65535 --comp-bias-corr 1 --comp-bias-corr-scale 1 --max-rejected 2147483647 --max-accept 2147483647 --add-self-matches 0 --db-load-mode 0 --pca substitution:1.100,context:1.400 --pcb substitution:4.100,context:5.800 --score-bias 0 --realign 0 --realign-score-bias -0.2 --realign-max-seqs 2147483647 --corr-score-weight 0 --gap-open aa:11,nucl:5 --gap-extend aa:1,nucl:2 --zdrop 40 --alph-size aa:13,nucl:5 --kmer-per-seq 21 --spaced-kmer-mode 1 --kmer-per-seq-scale aa:0.000,nucl:0.200 --adjust-kmer-len 0 --mask 0 --mask-prob 0.9 --mask-lower-case 0 -k 0 --hash-shift 67 --split-memory-limit 0 --include-only-extendable 0 --ignore-multi-kmer 0 --rescore-mode 0 --filter-hits 0 --sort-results 0 --remove-tmp-files 1 --force-reuse 0 

kmermatcher ./mmseqs2_clusters/mmseqsCluster50-90/tmp/2011973300199585503/input ./mmseqs2_clusters/mmseqsCluster50-90/tmp/2011973300199585503/clu_tmp/15286009308258207560/linclust/16627213374740421405/pref --sub-mat 'aa:blosum62.out,nucl:nucleotide.out' --alph-size aa:13,nucl:5 --min-seq-id 0.5 --kmer-per-seq 21 --spaced-kmer-mode 1 --kmer-per-seq-scale aa:0.000,nucl:0.200 --adjust-kmer-len 0 --mask 0 --mask-prob 0.9 --mask-lower-case 0 --cov-mode 0 -k 0 -c 0.9 --max-seq-len 65535 --hash-shift 67 --split-memory-limit 0 --include-only-extendable 0 --ignore-multi-kmer 0 --threads 8 --compressed 0 -v 3 --cluster-weight-threshold 0.9 

kmermatcher ./mmseqs2_clusters/mmseqsCluster50-90/tmp/2011973300199585503/input ./mmseqs2_clusters/mmseqsCluster50-90/tmp/2011973300199585503/clu_tmp/15286009308258207560/linclust/16627213374740421405/pref --sub-mat 'aa:blosum62.out,nucl:nucleotide.out' --alph-size aa:13,nucl:5 --min-seq-id 0.5 --kmer-per-seq 21 --spaced-kmer-mode 1 --kmer-per-seq-scale aa:0.000,nucl:0.200 --adjust-kmer-len 0 --mask 0 --mask-prob 0.9 --mask-lower-case 0 --cov-mode 0 -k 0 -c 0.9 --max-seq-len 65535 --hash-shift 67 --split-memory-limit 0 --include-only-extendable 0 --ignore-multi-kmer 0 --threads 8 --compressed 0 -v 3 --cluster-weight-threshold 0.9 

Database size: 85162 type: Aminoacid
Reduced amino acid alphabet: (A S T) (C) (D B N) (E Q Z) (F Y) (G) (H) (I V) (K R) (L J M) (P) (W) (X) 

Generate k-mers list for 1 split
[=================================================================] 85.16K 0s 155ms
Sort kmer 0h 0m 0s 45ms
Sort by rep. sequence 0h 0m 0s 22ms
Time for fill: 0h 0m 0s 16ms
Time for merging to pref: 0h 0m 0s 0ms
Time for processing: 0h 0m 0s 304ms
rescorediagonal ./mmseqs2_clusters/mmseqsCluster50-90/tmp/2011973300199585503/input ./mmseqs2_clusters/mmseqsCluster50-90/tmp/2011973300199585503/input ./mmseqs2_clusters/mmseqsCluster50-90/tmp/2011973300199585503/clu_tmp/15286009308258207560/linclust/16627213374740421405/pref ./mmseqs2_clusters/mmseqsCluster50-90/tmp/2011973300199585503/clu_tmp/15286009308258207560/linclust/16627213374740421405/pref_rescore1 --sub-mat 'aa:blosum62.out,nucl:nucleotide.out' --rescore-mode 0 --wrapped-scoring 0 --filter-hits 0 -e 0.001 -c 0.9 -a 0 --cov-mode 0 --min-seq-id 0.5 --min-aln-len 0 --seq-id-mode 0 --add-self-matches 0 --sort-results 0 --db-load-mode 0 --threads 8 --compressed 0 -v 3 

[=================================================================] 85.16K 0s 68ms
Time for merging to pref_rescore1: 0h 0m 0s 22ms
Time for processing: 0h 0m 0s 134ms
clust ./mmseqs2_clusters/mmseqsCluster50-90/tmp/2011973300199585503/input ./mmseqs2_clusters/mmseqsCluster50-90/tmp/2011973300199585503/clu_tmp/15286009308258207560/linclust/16627213374740421405/pref_rescore1 ./mmseqs2_clusters/mmseqsCluster50-90/tmp/2011973300199585503/clu_tmp/15286009308258207560/linclust/16627213374740421405/pre_clust --cluster-mode 0 --max-iterations 1000 --similarity-type 2 --threads 8 --compressed 0 -v 3 --cluster-weight-threshold 0.9 

Clustering mode: Set Cover
[=================================================================] 85.16K 0s 17ms
Sort entries
Find missing connections
Found 84415 new connections.
Reconstruct initial order
[=================================================================] 85.16K 0s 17ms
Add missing connections
[=================================================================] 85.16K 0s 7ms

Time for read in: 0h 0m 0s 49ms
Total time: 0h 0m 0s 59ms

Size of the sequence database: 85162
Size of the alignment database: 85162
Number of clusters: 46906

Writing results 0h 0m 0s 8ms
Time for merging to pre_clust: 0h 0m 0s 0ms
Time for processing: 0h 0m 0s 85ms
createsubdb ./mmseqs2_clusters/mmseqsCluster50-90/tmp/2011973300199585503/clu_tmp/15286009308258207560/linclust/16627213374740421405/order_redundancy ./mmseqs2_clusters/mmseqsCluster50-90/tmp/2011973300199585503/input ./mmseqs2_clusters/mmseqsCluster50-90/tmp/2011973300199585503/clu_tmp/15286009308258207560/linclust/16627213374740421405/input_step_redundancy -v 3 --subdb-mode 1 

Time for merging to input_step_redundancy: 0h 0m 0s 0ms
Time for processing: 0h 0m 0s 17ms
createsubdb ./mmseqs2_clusters/mmseqsCluster50-90/tmp/2011973300199585503/clu_tmp/15286009308258207560/linclust/16627213374740421405/order_redundancy ./mmseqs2_clusters/mmseqsCluster50-90/tmp/2011973300199585503/clu_tmp/15286009308258207560/linclust/16627213374740421405/pref ./mmseqs2_clusters/mmseqsCluster50-90/tmp/2011973300199585503/clu_tmp/15286009308258207560/linclust/16627213374740421405/pref_filter1 -v 3 --subdb-mode 1 

Time for merging to pref_filter1: 0h 0m 0s 0ms
Time for processing: 0h 0m 0s 18ms
filterdb ./mmseqs2_clusters/mmseqsCluster50-90/tmp/2011973300199585503/clu_tmp/15286009308258207560/linclust/16627213374740421405/pref_filter1 ./mmseqs2_clusters/mmseqsCluster50-90/tmp/2011973300199585503/clu_tmp/15286009308258207560/linclust/16627213374740421405/pref_filter2 --filter-file ./mmseqs2_clusters/mmseqsCluster50-90/tmp/2011973300199585503/clu_tmp/15286009308258207560/linclust/16627213374740421405/order_redundancy --threads 8 --compressed 0 -v 3 

Filtering using file(s)
[=================================================================] 46.91K 0s 22ms
Time for merging to pref_filter2: 0h 0m 0s 11ms
Time for processing: 0h 0m 0s 55ms
rescorediagonal ./mmseqs2_clusters/mmseqsCluster50-90/tmp/2011973300199585503/clu_tmp/15286009308258207560/linclust/16627213374740421405/input_step_redundancy ./mmseqs2_clusters/mmseqsCluster50-90/tmp/2011973300199585503/clu_tmp/15286009308258207560/linclust/16627213374740421405/input_step_redundancy ./mmseqs2_clusters/mmseqsCluster50-90/tmp/2011973300199585503/clu_tmp/15286009308258207560/linclust/16627213374740421405/pref_filter2 ./mmseqs2_clusters/mmseqsCluster50-90/tmp/2011973300199585503/clu_tmp/15286009308258207560/linclust/16627213374740421405/pref_rescore2 --sub-mat 'aa:blosum62.out,nucl:nucleotide.out' --rescore-mode 1 --wrapped-scoring 0 --filter-hits 1 -e 0.001 -c 0.9 -a 0 --cov-mode 0 --min-seq-id 0.5 --min-aln-len 0 --seq-id-mode 0 --add-self-matches 0 --sort-results 0 --db-load-mode 0 --threads 8 --compressed 0 -v 3 

[=================================================================] 46.91K 0s 46ms
Time for merging to pref_rescore2: 0h 0m 0s 13ms
Time for processing: 0h 0m 0s 84ms
align ./mmseqs2_clusters/mmseqsCluster50-90/tmp/2011973300199585503/clu_tmp/15286009308258207560/linclust/16627213374740421405/input_step_redundancy ./mmseqs2_clusters/mmseqsCluster50-90/tmp/2011973300199585503/clu_tmp/15286009308258207560/linclust/16627213374740421405/input_step_redundancy ./mmseqs2_clusters/mmseqsCluster50-90/tmp/2011973300199585503/clu_tmp/15286009308258207560/linclust/16627213374740421405/pref_rescore2 ./mmseqs2_clusters/mmseqsCluster50-90/tmp/2011973300199585503/clu_tmp/15286009308258207560/linclust/16627213374740421405/aln --sub-mat 'aa:blosum62.out,nucl:nucleotide.out' -a 0 --alignment-mode 3 --alignment-output-mode 0 --wrapped-scoring 0 -e 0.001 --min-seq-id 0.5 --min-aln-len 0 --seq-id-mode 0 --alt-ali 0 -c 0.9 --cov-mode 0 --max-seq-len 65535 --comp-bias-corr 1 --comp-bias-corr-scale 1 --max-rejected 2147483647 --max-accept 2147483647 --add-self-matches 0 --db-load-mode 0 --pca substitution:1.100,context:1.400 --pcb substitution:4.100,context:5.800 --score-bias 0 --realign 0 --realign-score-bias -0.2 --realign-max-seqs 2147483647 --corr-score-weight 0 --gap-open aa:11,nucl:5 --gap-extend aa:1,nucl:2 --zdrop 40 --threads 8 --compressed 0 -v 3 

Compute score, coverage and sequence identity
Query database size: 46906 type: Aminoacid
Target database size: 46906 type: Aminoacid
Calculation of alignments
[=================================================================] 46.91K 1s 849ms
Time for merging to aln: 0h 0m 0s 18ms
61655 alignments calculated
56512 sequence pairs passed the thresholds (0.916584 of overall calculated)
1.204792 hits per query sequence
Time for processing: 0h 0m 1s 899ms
clust ./mmseqs2_clusters/mmseqsCluster50-90/tmp/2011973300199585503/clu_tmp/15286009308258207560/linclust/16627213374740421405/input_step_redundancy ./mmseqs2_clusters/mmseqsCluster50-90/tmp/2011973300199585503/clu_tmp/15286009308258207560/linclust/16627213374740421405/aln ./mmseqs2_clusters/mmseqsCluster50-90/tmp/2011973300199585503/clu_tmp/15286009308258207560/linclust/16627213374740421405/clust --cluster-mode 0 --max-iterations 1000 --similarity-type 2 --threads 8 --compressed 0 -v 3 --cluster-weight-threshold 0.9 

Clustering mode: Set Cover
[=================================================================] 46.91K 0s 6ms
Sort entries
Find missing connections
Found 9606 new connections.
Reconstruct initial order
[=================================================================] 46.91K 0s 7ms
Add missing connections
[=================================================================] 46.91K 0s 2ms

Time for read in: 0h 0m 0s 23ms
Total time: 0h 0m 0s 29ms

Size of the sequence database: 46906
Size of the alignment database: 46906
Number of clusters: 40746

Writing results 0h 0m 0s 7ms
Time for merging to clust: 0h 0m 0s 0ms
Time for processing: 0h 0m 0s 50ms
mergeclusters ./mmseqs2_clusters/mmseqsCluster50-90/tmp/2011973300199585503/input ./mmseqs2_clusters/mmseqsCluster50-90/tmp/2011973300199585503/clu_tmp/15286009308258207560/clu_redundancy ./mmseqs2_clusters/mmseqsCluster50-90/tmp/2011973300199585503/clu_tmp/15286009308258207560/linclust/16627213374740421405/pre_clust ./mmseqs2_clusters/mmseqsCluster50-90/tmp/2011973300199585503/clu_tmp/15286009308258207560/linclust/16627213374740421405/clust --threads 8 --compressed 0 -v 3 

Clustering step 1
[=================================================================] 46.91K 0s 11ms
Clustering step 2
[=================================================================] 40.75K 0s 32ms
Write merged clustering
[=================================================================] 85.16K 0s 52ms
Time for merging to clu_redundancy: 0h 0m 0s 11ms
Time for processing: 0h 0m 0s 79ms
rmdb ./mmseqs2_clusters/mmseqsCluster50-90/tmp/2011973300199585503/clu_tmp/15286009308258207560/linclust/16627213374740421405/pref_filter1 -v 3 

Time for processing: 0h 0m 0s 0ms
rmdb ./mmseqs2_clusters/mmseqsCluster50-90/tmp/2011973300199585503/clu_tmp/15286009308258207560/linclust/16627213374740421405/pref -v 3 

Time for processing: 0h 0m 0s 1ms
rmdb ./mmseqs2_clusters/mmseqsCluster50-90/tmp/2011973300199585503/clu_tmp/15286009308258207560/linclust/16627213374740421405/pref_rescore1 -v 3 

Time for processing: 0h 0m 0s 1ms
rmdb ./mmseqs2_clusters/mmseqsCluster50-90/tmp/2011973300199585503/clu_tmp/15286009308258207560/linclust/16627213374740421405/pre_clust -v 3 

Time for processing: 0h 0m 0s 0ms
rmdb ./mmseqs2_clusters/mmseqsCluster50-90/tmp/2011973300199585503/clu_tmp/15286009308258207560/linclust/16627213374740421405/input_step_redundancy -v 3 

Time for processing: 0h 0m 0s 0ms
rmdb ./mmseqs2_clusters/mmseqsCluster50-90/tmp/2011973300199585503/clu_tmp/15286009308258207560/linclust/16627213374740421405/input_step_redundancy_h -v 3 

Time for processing: 0h 0m 0s 0ms
rmdb ./mmseqs2_clusters/mmseqsCluster50-90/tmp/2011973300199585503/clu_tmp/15286009308258207560/linclust/16627213374740421405/pref_filter2 -v 3 

Time for processing: 0h 0m 0s 0ms
rmdb ./mmseqs2_clusters/mmseqsCluster50-90/tmp/2011973300199585503/clu_tmp/15286009308258207560/linclust/16627213374740421405/pref_rescore2 -v 3 

Time for processing: 0h 0m 0s 1ms
rmdb ./mmseqs2_clusters/mmseqsCluster50-90/tmp/2011973300199585503/clu_tmp/15286009308258207560/linclust/16627213374740421405/aln -v 3 

Time for processing: 0h 0m 0s 2ms
rmdb ./mmseqs2_clusters/mmseqsCluster50-90/tmp/2011973300199585503/clu_tmp/15286009308258207560/linclust/16627213374740421405/clust -v 3 

Time for processing: 0h 0m 0s 0ms
createsubdb ./mmseqs2_clusters/mmseqsCluster50-90/tmp/2011973300199585503/clu_tmp/15286009308258207560/clu_redundancy ./mmseqs2_clusters/mmseqsCluster50-90/tmp/2011973300199585503/input ./mmseqs2_clusters/mmseqsCluster50-90/tmp/2011973300199585503/clu_tmp/15286009308258207560/input_step_redundancy -v 3 --subdb-mode 1 

Time for merging to input_step_redundancy: 0h 0m 0s 0ms
Time for processing: 0h 0m 0s 21ms
prefilter ./mmseqs2_clusters/mmseqsCluster50-90/tmp/2011973300199585503/clu_tmp/15286009308258207560/input_step_redundancy ./mmseqs2_clusters/mmseqsCluster50-90/tmp/2011973300199585503/clu_tmp/15286009308258207560/input_step_redundancy ./mmseqs2_clusters/mmseqsCluster50-90/tmp/2011973300199585503/clu_tmp/15286009308258207560/pref_step0 --sub-mat 'aa:blosum62.out,nucl:nucleotide.out' --seed-sub-mat 'aa:VTML80.out,nucl:nucleotide.out' -s 1 -k 0 --target-search-mode 0 --k-score seq:2147483647,prof:2147483647 --alph-size aa:21,nucl:5 --max-seq-len 65535 --max-seqs 20 --split 0 --split-mode 2 --split-memory-limit 0 -c 0.9 --cov-mode 0 --comp-bias-corr 0 --comp-bias-corr-scale 1 --diag-score 0 --exact-kmer-matching 0 --mask 1 --mask-prob 0.9 --mask-lower-case 0 --min-ungapped-score 0 --add-self-matches 0 --spaced-kmer-mode 1 --db-load-mode 0 --pca substitution:1.100,context:1.400 --pcb substitution:4.100,context:5.800 --threads 8 --compressed 0 -v 3 

Query database size: 40746 type: Aminoacid
Estimated memory consumption: 1G
Target database size: 40746 type: Aminoacid
Index table k-mer threshold: 154 at k-mer size 6 
Index table: counting k-mers
[=================================================================] 40.75K 0s 375ms
Index table: Masked residues: 289132
Index table: fill
[=================================================================] 40.75K 0s 492ms
Index statistics
Entries:          6340619
DB size:          524 MB
Avg k-mer size:   0.099072
Top 10 k-mers
    AMGHWD	201
    HQILNN	183
    GGLCGV	158
    VQNSHQ	125
    GRGTVQ	120
    NNAIPY	116
    YTHQAS	87
    TLGIYY	87
    WYIEYY	84
    DYKNQR	76
Time for index table init: 0h 0m 1s 809ms
Process prefiltering step 1 of 1

k-mer similarity threshold: 154
Starting prefiltering scores calculation (step 1 of 1)
Query db start 1 to 40746
Target db start 1 to 40746
[=================================================================] 40.75K 0s 978ms

2.568318 k-mers per position
385 DB matches per sequence
0 overflows
6 sequences passed prefiltering per query sequence
3 median result list length
0 sequences with 0 size result lists
Time for merging to pref_step0: 0h 0m 0s 12ms
Time for processing: 0h 0m 3s 340ms
align ./mmseqs2_clusters/mmseqsCluster50-90/tmp/2011973300199585503/clu_tmp/15286009308258207560/input_step_redundancy ./mmseqs2_clusters/mmseqsCluster50-90/tmp/2011973300199585503/clu_tmp/15286009308258207560/input_step_redundancy ./mmseqs2_clusters/mmseqsCluster50-90/tmp/2011973300199585503/clu_tmp/15286009308258207560/pref_step0 ./mmseqs2_clusters/mmseqsCluster50-90/tmp/2011973300199585503/clu_tmp/15286009308258207560/aln_step0 --sub-mat 'aa:blosum62.out,nucl:nucleotide.out' -a 0 --alignment-mode 3 --alignment-output-mode 0 --wrapped-scoring 0 -e 0.001 --min-seq-id 0.5 --min-aln-len 0 --seq-id-mode 0 --alt-ali 0 -c 0.9 --cov-mode 0 --max-seq-len 65535 --comp-bias-corr 0 --comp-bias-corr-scale 1 --max-rejected 2147483647 --max-accept 2147483647 --add-self-matches 0 --db-load-mode 0 --pca substitution:1.100,context:1.400 --pcb substitution:4.100,context:5.800 --score-bias 0 --realign 0 --realign-score-bias -0.2 --realign-max-seqs 2147483647 --corr-score-weight 0 --gap-open aa:11,nucl:5 --gap-extend aa:1,nucl:2 --zdrop 40 --threads 8 --compressed 0 -v 3 

Compute score, coverage and sequence identity
Query database size: 40746 type: Aminoacid
Target database size: 40746 type: Aminoacid
Calculation of alignments
[=================================================================] 40.75K 9s 556ms
Time for merging to aln_step0: 0h 0m 0s 12ms
171523 alignments calculated
77228 sequence pairs passed the thresholds (0.450249 of overall calculated)
1.895352 hits per query sequence
Time for processing: 0h 0m 9s 615ms
clust ./mmseqs2_clusters/mmseqsCluster50-90/tmp/2011973300199585503/clu_tmp/15286009308258207560/input_step_redundancy ./mmseqs2_clusters/mmseqsCluster50-90/tmp/2011973300199585503/clu_tmp/15286009308258207560/aln_step0 ./mmseqs2_clusters/mmseqsCluster50-90/tmp/2011973300199585503/clu_tmp/15286009308258207560/clu_step0 --cluster-mode 0 --max-iterations 1000 --similarity-type 2 --threads 8 --compressed 0 -v 3 --cluster-weight-threshold 0.9 

Clustering mode: Set Cover
[=================================================================] 40.75K 0s 6ms
Sort entries
Find missing connections
Found 3710 new connections.
Reconstruct initial order
[=================================================================] 40.75K 0s 7ms
Add missing connections
[=================================================================] 40.75K 0s 2ms

Time for read in: 0h 0m 0s 21ms
Total time: 0h 0m 0s 26ms

Size of the sequence database: 40746
Size of the alignment database: 40746
Number of clusters: 33526

Writing results 0h 0m 0s 5ms
Time for merging to clu_step0: 0h 0m 0s 0ms
Time for processing: 0h 0m 0s 42ms
createsubdb ./mmseqs2_clusters/mmseqsCluster50-90/tmp/2011973300199585503/clu_tmp/15286009308258207560/clu_step0 ./mmseqs2_clusters/mmseqsCluster50-90/tmp/2011973300199585503/clu_tmp/15286009308258207560/input_step_redundancy ./mmseqs2_clusters/mmseqsCluster50-90/tmp/2011973300199585503/clu_tmp/15286009308258207560/input_step1 -v 3 --subdb-mode 1 

Time for merging to input_step1: 0h 0m 0s 0ms
Time for processing: 0h 0m 0s 10ms
prefilter ./mmseqs2_clusters/mmseqsCluster50-90/tmp/2011973300199585503/clu_tmp/15286009308258207560/input_step1 ./mmseqs2_clusters/mmseqsCluster50-90/tmp/2011973300199585503/clu_tmp/15286009308258207560/input_step1 ./mmseqs2_clusters/mmseqsCluster50-90/tmp/2011973300199585503/clu_tmp/15286009308258207560/pref_step1 --sub-mat 'aa:blosum62.out,nucl:nucleotide.out' --seed-sub-mat 'aa:VTML80.out,nucl:nucleotide.out' -s 2 -k 0 --target-search-mode 0 --k-score seq:2147483647,prof:2147483647 --alph-size aa:21,nucl:5 --max-seq-len 65535 --max-seqs 20 --split 0 --split-mode 2 --split-memory-limit 0 -c 0.9 --cov-mode 0 --comp-bias-corr 1 --comp-bias-corr-scale 1 --diag-score 1 --exact-kmer-matching 0 --mask 1 --mask-prob 0.9 --mask-lower-case 0 --min-ungapped-score 15 --add-self-matches 0 --spaced-kmer-mode 1 --db-load-mode 0 --pca substitution:1.100,context:1.400 --pcb substitution:4.100,context:5.800 --threads 8 --compressed 0 -v 3 

Query database size: 33526 type: Aminoacid
Estimated memory consumption: 1G
Target database size: 33526 type: Aminoacid
Index table k-mer threshold: 145 at k-mer size 6 
Index table: counting k-mers
[=================================================================] 33.53K 0s 348ms
Index table: Masked residues: 251347
Index table: fill
[=================================================================] 33.53K 0s 519ms
Index statistics
Entries:          7214199
DB size:          529 MB
Avg k-mer size:   0.112722
Top 10 k-mers
    KEEKGR	75
    GKLAPP	38
    SGPTLN	36
    PDGDKM	34
    DYKNQR	34
    KDDVGL	28
    TPWLIL	28
    HQILNN	28
    GQGLLR	28
    GLGRGW	28
Time for index table init: 0h 0m 1s 851ms
Process prefiltering step 1 of 1

k-mer similarity threshold: 145
Starting prefiltering scores calculation (step 1 of 1)
Query db start 1 to 33526
Target db start 1 to 33526
[=================================================================] 33.53K 1s 913ms

8.051232 k-mers per position
477 DB matches per sequence
0 overflows
6 sequences passed prefiltering per query sequence
4 median result list length
0 sequences with 0 size result lists
Time for merging to pref_step1: 0h 0m 0s 11ms
Time for processing: 0h 0m 4s 314ms
align ./mmseqs2_clusters/mmseqsCluster50-90/tmp/2011973300199585503/clu_tmp/15286009308258207560/input_step1 ./mmseqs2_clusters/mmseqsCluster50-90/tmp/2011973300199585503/clu_tmp/15286009308258207560/input_step1 ./mmseqs2_clusters/mmseqsCluster50-90/tmp/2011973300199585503/clu_tmp/15286009308258207560/pref_step1 ./mmseqs2_clusters/mmseqsCluster50-90/tmp/2011973300199585503/clu_tmp/15286009308258207560/aln_step1 --sub-mat 'aa:blosum62.out,nucl:nucleotide.out' -a 0 --alignment-mode 3 --alignment-output-mode 0 --wrapped-scoring 0 -e 0.001 --min-seq-id 0.5 --min-aln-len 0 --seq-id-mode 0 --alt-ali 0 -c 0.9 --cov-mode 0 --max-seq-len 65535 --comp-bias-corr 1 --comp-bias-corr-scale 1 --max-rejected 2147483647 --max-accept 2147483647 --add-self-matches 0 --db-load-mode 0 --pca substitution:1.100,context:1.400 --pcb substitution:4.100,context:5.800 --score-bias 0 --realign 0 --realign-score-bias -0.2 --realign-max-seqs 2147483647 --corr-score-weight 0 --gap-open aa:11,nucl:5 --gap-extend aa:1,nucl:2 --zdrop 40 --threads 8 --compressed 0 -v 3 

Compute score, coverage and sequence identity
Query database size: 33526 type: Aminoacid
Target database size: 33526 type: Aminoacid
Calculation of alignments
[=================================================================] 33.53K 4s 725ms
Time for merging to aln_step1: 0h 0m 0s 9ms
104819 alignments calculated
34116 sequence pairs passed the thresholds (0.325475 of overall calculated)
1.017598 hits per query sequence
Time for processing: 0h 0m 4s 782ms
clust ./mmseqs2_clusters/mmseqsCluster50-90/tmp/2011973300199585503/clu_tmp/15286009308258207560/input_step1 ./mmseqs2_clusters/mmseqsCluster50-90/tmp/2011973300199585503/clu_tmp/15286009308258207560/aln_step1 ./mmseqs2_clusters/mmseqsCluster50-90/tmp/2011973300199585503/clu_tmp/15286009308258207560/clu_step1 --cluster-mode 0 --max-iterations 1000 --similarity-type 2 --threads 8 --compressed 0 -v 3 --cluster-weight-threshold 0.9 

Clustering mode: Set Cover
[=================================================================] 33.53K 0s 3ms
Sort entries
Find missing connections
Found 122 new connections.
Reconstruct initial order
[=================================================================] 33.53K 0s 3ms
Add missing connections
[=================================================================] 33.53K 0s 0ms

Time for read in: 0h 0m 0s 11ms
Total time: 0h 0m 0s 14ms

Size of the sequence database: 33526
Size of the alignment database: 33526
Number of clusters: 33242

Writing results 0h 0m 0s 4ms
Time for merging to clu_step1: 0h 0m 0s 0ms
Time for processing: 0h 0m 0s 30ms
createsubdb ./mmseqs2_clusters/mmseqsCluster50-90/tmp/2011973300199585503/clu_tmp/15286009308258207560/clu_step1 ./mmseqs2_clusters/mmseqsCluster50-90/tmp/2011973300199585503/clu_tmp/15286009308258207560/input_step1 ./mmseqs2_clusters/mmseqsCluster50-90/tmp/2011973300199585503/clu_tmp/15286009308258207560/input_step2 -v 3 --subdb-mode 1 

Time for merging to input_step2: 0h 0m 0s 0ms
Time for processing: 0h 0m 0s 8ms
prefilter ./mmseqs2_clusters/mmseqsCluster50-90/tmp/2011973300199585503/clu_tmp/15286009308258207560/input_step2 ./mmseqs2_clusters/mmseqsCluster50-90/tmp/2011973300199585503/clu_tmp/15286009308258207560/input_step2 ./mmseqs2_clusters/mmseqsCluster50-90/tmp/2011973300199585503/clu_tmp/15286009308258207560/pref_step2 --sub-mat 'aa:blosum62.out,nucl:nucleotide.out' --seed-sub-mat 'aa:VTML80.out,nucl:nucleotide.out' -s 3 -k 0 --target-search-mode 0 --k-score seq:2147483647,prof:2147483647 --alph-size aa:21,nucl:5 --max-seq-len 65535 --max-seqs 20 --split 0 --split-mode 2 --split-memory-limit 0 -c 0.9 --cov-mode 0 --comp-bias-corr 1 --comp-bias-corr-scale 1 --diag-score 1 --exact-kmer-matching 0 --mask 1 --mask-prob 0.9 --mask-lower-case 0 --min-ungapped-score 15 --add-self-matches 0 --spaced-kmer-mode 1 --db-load-mode 0 --pca substitution:1.100,context:1.400 --pcb substitution:4.100,context:5.800 --threads 8 --compressed 0 -v 3 

Query database size: 33242 type: Aminoacid
Estimated memory consumption: 1G
Target database size: 33242 type: Aminoacid
Index table k-mer threshold: 136 at k-mer size 6 
Index table: counting k-mers
[=================================================================] 33.24K 0s 360ms
Index table: Masked residues: 250493
Index table: fill
[=================================================================] 33.24K 0s 655ms
Index statistics
Entries:          9122184
DB size:          540 MB
Avg k-mer size:   0.142534
Top 10 k-mers
    KEEKGR	75
    LKEREK	38
    SGPTLN	36
    PDGDKM	34
    GKLAPP	34
    DYKNQR	34
    KEEKPR	30
    GLGRGW	28
    SGRFAT	27
    HYQQMY	26
Time for index table init: 0h 0m 1s 998ms
Process prefiltering step 1 of 1

k-mer similarity threshold: 136
Starting prefiltering scores calculation (step 1 of 1)
Query db start 1 to 33242
Target db start 1 to 33242
[=================================================================] 33.24K 3s 798ms

23.442351 k-mers per position
1099 DB matches per sequence
0 overflows
9 sequences passed prefiltering per query sequence
7 median result list length
0 sequences with 0 size result lists
Time for merging to pref_step2: 0h 0m 0s 9ms
Time for processing: 0h 0m 6s 377ms
align ./mmseqs2_clusters/mmseqsCluster50-90/tmp/2011973300199585503/clu_tmp/15286009308258207560/input_step2 ./mmseqs2_clusters/mmseqsCluster50-90/tmp/2011973300199585503/clu_tmp/15286009308258207560/input_step2 ./mmseqs2_clusters/mmseqsCluster50-90/tmp/2011973300199585503/clu_tmp/15286009308258207560/pref_step2 ./mmseqs2_clusters/mmseqsCluster50-90/tmp/2011973300199585503/clu_tmp/15286009308258207560/aln_step2 --sub-mat 'aa:blosum62.out,nucl:nucleotide.out' -a 0 --alignment-mode 3 --alignment-output-mode 0 --wrapped-scoring 0 -e 0.001 --min-seq-id 0.5 --min-aln-len 0 --seq-id-mode 0 --alt-ali 0 -c 0.9 --cov-mode 0 --max-seq-len 65535 --comp-bias-corr 1 --comp-bias-corr-scale 1 --max-rejected 2147483647 --max-accept 2147483647 --add-self-matches 0 --db-load-mode 0 --pca substitution:1.100,context:1.400 --pcb substitution:4.100,context:5.800 --score-bias 0 --realign 0 --realign-score-bias -0.2 --realign-max-seqs 2147483647 --corr-score-weight 0 --gap-open aa:11,nucl:5 --gap-extend aa:1,nucl:2 --zdrop 40 --threads 8 --compressed 0 -v 3 

Compute score, coverage and sequence identity
Query database size: 33242 type: Aminoacid
Target database size: 33242 type: Aminoacid
Calculation of alignments
[=================================================================] 33.24K 5s 138ms
Time for merging to aln_step2: 0h 0m 0s 13ms
122963 alignments calculated
33397 sequence pairs passed the thresholds (0.271602 of overall calculated)
1.004663 hits per query sequence
Time for processing: 0h 0m 5s 225ms
clust ./mmseqs2_clusters/mmseqsCluster50-90/tmp/2011973300199585503/clu_tmp/15286009308258207560/input_step2 ./mmseqs2_clusters/mmseqsCluster50-90/tmp/2011973300199585503/clu_tmp/15286009308258207560/aln_step2 ./mmseqs2_clusters/mmseqsCluster50-90/tmp/2011973300199585503/clu_tmp/15286009308258207560/clu_step2 --cluster-mode 0 --max-iterations 1000 --similarity-type 2 --threads 8 --compressed 0 -v 3 --cluster-weight-threshold 0.9 

Clustering mode: Set Cover
[=================================================================] 33.24K 0s 4ms
Sort entries
Find missing connections
Found 35 new connections.
Reconstruct initial order
[=================================================================] 33.24K 0s 3ms
Add missing connections
[=================================================================] 33.24K 0s 1ms

Time for read in: 0h 0m 0s 11ms
Total time: 0h 0m 0s 14ms

Size of the sequence database: 33242
Size of the alignment database: 33242
Number of clusters: 33151

Writing results 0h 0m 0s 5ms
Time for merging to clu_step2: 0h 0m 0s 0ms
Time for processing: 0h 0m 0s 29ms
mergeclusters ./mmseqs2_clusters/mmseqsCluster50-90/tmp/2011973300199585503/input ./mmseqs2_clusters/mmseqsCluster50-90/tmp/2011973300199585503/clu ./mmseqs2_clusters/mmseqsCluster50-90/tmp/2011973300199585503/clu_tmp/15286009308258207560/clu_redundancy ./mmseqs2_clusters/mmseqsCluster50-90/tmp/2011973300199585503/clu_tmp/15286009308258207560/clu_step0 ./mmseqs2_clusters/mmseqsCluster50-90/tmp/2011973300199585503/clu_tmp/15286009308258207560/clu_step1 ./mmseqs2_clusters/mmseqsCluster50-90/tmp/2011973300199585503/clu_tmp/15286009308258207560/clu_step2 --threads 8 --compressed 0 -v 3 

Clustering step 1
[=================================================================] 40.75K 0s 8ms
Clustering step 2
[=================================================================] 33.53K 0s 22ms
Clustering step 3
[=================================================================] 33.24K 0s 33ms
Clustering step 4
[=================================================================] 33.15K 0s 45ms
Write merged clustering
[=================================================================] 85.16K 0s 60ms
Time for merging to clu: 0h 0m 0s 9ms
Time for processing: 0h 0m 0s 88ms
rmdb ./mmseqs2_clusters/mmseqsCluster50-90/tmp/2011973300199585503/clu_tmp/15286009308258207560/clu_redundancy -v 3 

Time for processing: 0h 0m 0s 1ms
rmdb ./mmseqs2_clusters/mmseqsCluster50-90/tmp/2011973300199585503/clu_tmp/15286009308258207560/input_step_redundancy -v 3 

Time for processing: 0h 0m 0s 0ms
rmdb ./mmseqs2_clusters/mmseqsCluster50-90/tmp/2011973300199585503/clu_tmp/15286009308258207560/input_step_redundancy_h -v 3 

Time for processing: 0h 0m 0s 0ms
rmdb ./mmseqs2_clusters/mmseqsCluster50-90/tmp/2011973300199585503/clu_tmp/15286009308258207560/pref_step0 -v 3 

Time for processing: 0h 0m 0s 1ms
rmdb ./mmseqs2_clusters/mmseqsCluster50-90/tmp/2011973300199585503/clu_tmp/15286009308258207560/aln_step0 -v 3 

Time for processing: 0h 0m 0s 1ms
rmdb ./mmseqs2_clusters/mmseqsCluster50-90/tmp/2011973300199585503/clu_tmp/15286009308258207560/clu_step0 -v 3 

Time for processing: 0h 0m 0s 0ms
rmdb ./mmseqs2_clusters/mmseqsCluster50-90/tmp/2011973300199585503/clu_tmp/15286009308258207560/pref_step1 -v 3 

Time for processing: 0h 0m 0s 1ms
rmdb ./mmseqs2_clusters/mmseqsCluster50-90/tmp/2011973300199585503/clu_tmp/15286009308258207560/aln_step1 -v 3 

Time for processing: 0h 0m 0s 1ms
rmdb ./mmseqs2_clusters/mmseqsCluster50-90/tmp/2011973300199585503/clu_tmp/15286009308258207560/clu_step1 -v 3 

Time for processing: 0h 0m 0s 0ms
rmdb ./mmseqs2_clusters/mmseqsCluster50-90/tmp/2011973300199585503/clu_tmp/15286009308258207560/pref_step2 -v 3 

Time for processing: 0h 0m 0s 0ms
rmdb ./mmseqs2_clusters/mmseqsCluster50-90/tmp/2011973300199585503/clu_tmp/15286009308258207560/aln_step2 -v 3 

Time for processing: 0h 0m 0s 1ms
rmdb ./mmseqs2_clusters/mmseqsCluster50-90/tmp/2011973300199585503/clu_tmp/15286009308258207560/clu_step2 -v 3 

Time for processing: 0h 0m 0s 0ms
rmdb ./mmseqs2_clusters/mmseqsCluster50-90/tmp/2011973300199585503/clu_tmp/15286009308258207560/input_step1 -v 3 

Time for processing: 0h 0m 0s 0ms
rmdb ./mmseqs2_clusters/mmseqsCluster50-90/tmp/2011973300199585503/clu_tmp/15286009308258207560/input_step1_h -v 3 

Time for processing: 0h 0m 0s 0ms
rmdb ./mmseqs2_clusters/mmseqsCluster50-90/tmp/2011973300199585503/clu_tmp/15286009308258207560/input_step2 -v 3 

Time for processing: 0h 0m 0s 0ms
rmdb ./mmseqs2_clusters/mmseqsCluster50-90/tmp/2011973300199585503/clu_tmp/15286009308258207560/input_step2_h -v 3 

Time for processing: 0h 0m 0s 0ms
createtsv ./mmseqs2_clusters/mmseqsCluster50-90/tmp/2011973300199585503/input ./mmseqs2_clusters/mmseqsCluster50-90/tmp/2011973300199585503/input ./mmseqs2_clusters/mmseqsCluster50-90/tmp/2011973300199585503/clu ./mmseqs2_clusters/mmseqsCluster50-90/tmp/2011973300199585503/cluster.tsv --threads 8 -v 3 

Time for merging to cluster.tsv: 0h 0m 0s 12ms
Time for processing: 0h 0m 0s 52ms
result2repseq ./mmseqs2_clusters/mmseqsCluster50-90/tmp/2011973300199585503/input ./mmseqs2_clusters/mmseqsCluster50-90/tmp/2011973300199585503/clu ./mmseqs2_clusters/mmseqsCluster50-90/tmp/2011973300199585503/clu_rep --db-load-mode 0 --compressed 0 --threads 8 -v 3 

[=================================================================] 33.15K 0s 21ms
Time for merging to clu_rep: 0h 0m 0s 22ms
Time for processing: 0h 0m 0s 73ms
result2flat ./mmseqs2_clusters/mmseqsCluster50-90/tmp/2011973300199585503/input ./mmseqs2_clusters/mmseqsCluster50-90/tmp/2011973300199585503/input ./mmseqs2_clusters/mmseqsCluster50-90/tmp/2011973300199585503/clu_rep ./mmseqs2_clusters/mmseqsCluster50-90/tmp/2011973300199585503/rep_seq.fasta --use-fasta-header -v 3 

Time for processing: 0h 0m 0s 91ms
createseqfiledb ./mmseqs2_clusters/mmseqsCluster50-90/tmp/2011973300199585503/input ./mmseqs2_clusters/mmseqsCluster50-90/tmp/2011973300199585503/clu ./mmseqs2_clusters/mmseqsCluster50-90/tmp/2011973300199585503/clu_seqs --threads 8 -v 3 

[=================================================================] 33.15K 0s 41ms
Time for merging to clu_seqs: 0h 0m 0s 10ms
Time for processing: 0h 0m 0s 119ms
result2flat ./mmseqs2_clusters/mmseqsCluster50-90/tmp/2011973300199585503/input ./mmseqs2_clusters/mmseqsCluster50-90/tmp/2011973300199585503/input ./mmseqs2_clusters/mmseqsCluster50-90/tmp/2011973300199585503/clu_seqs ./mmseqs2_clusters/mmseqsCluster50-90/tmp/2011973300199585503/all_seqs.fasta -v 3 

Time for processing: 0h 0m 0s 192ms
rmdb ./mmseqs2_clusters/mmseqsCluster50-90/tmp/2011973300199585503/input -v 3 

Time for processing: 0h 0m 0s 0ms
rmdb ./mmseqs2_clusters/mmseqsCluster50-90/tmp/2011973300199585503/input_h -v 3 

Time for processing: 0h 0m 0s 0ms
rmdb ./mmseqs2_clusters/mmseqsCluster50-90/tmp/2011973300199585503/clu_seqs -v 3 

Time for processing: 0h 0m 0s 8ms
rmdb ./mmseqs2_clusters/mmseqsCluster50-90/tmp/2011973300199585503/clu_rep -v 3 

Time for processing: 0h 0m 0s 3ms
rmdb ./mmseqs2_clusters/mmseqsCluster50-90/tmp/2011973300199585503/clu -v 3 

Time for processing: 0h 0m 0s 1ms
