Create directory ./mmseqs2_analysis_pdb/tmp
easy-search ./mmseqs2_analysis_pdb/all_viral_proteins.fasta /db/foldseek/pdb ./mmseqs2_analysis_pdb/all_proteins_pdb_results.tsv ./mmseqs2_analysis_pdb/tmp -s 7.5 --max-seqs 100000 -e 0.001 --threads 8 --format-mode 4 --format-output query,target,theader,fident,alnlen,mismatch,gapopen,qstart,qend,qlen,qcov,tstart,tend,tlen,tcov,evalue,bits,taxname 

MMseqs Version:                        	15.6f452
Substitution matrix                    	aa:blosum62.out,nucl:nucleotide.out
Add backtrace                          	false
Alignment mode                         	3
Alignment mode                         	0
Allow wrapped scoring                  	false
E-value threshold                      	0.001
Seq. id. threshold                     	0
Min alignment length                   	0
Seq. id. mode                          	0
Alternative alignments                 	0
Coverage threshold                     	0
Coverage mode                          	0
Max sequence length                    	65535
Compositional bias                     	1
Compositional bias                     	1
Max reject                             	2147483647
Max accept                             	2147483647
Include identical seq. id.             	false
Preload mode                           	0
Pseudo count a                         	substitution:1.100,context:1.400
Pseudo count b                         	substitution:4.100,context:5.800
Score bias                             	0
Realign hits                           	false
Realign score bias                     	-0.2
Realign max seqs                       	2147483647
Correlation score weight               	0
Gap open cost                          	aa:11,nucl:5
Gap extension cost                     	aa:1,nucl:2
Zdrop                                  	40
Threads                                	8
Compressed                             	0
Verbosity                              	3
Seed substitution matrix               	aa:VTML80.out,nucl:nucleotide.out
Sensitivity                            	7.5
k-mer length                           	0
Target search mode                     	0
k-score                                	seq:2147483647,prof:2147483647
Alphabet size                          	aa:21,nucl:5
Max results per query                  	100000
Split database                         	0
Split mode                             	2
Split memory limit                     	0
Diagonal scoring                       	true
Exact k-mer matching                   	0
Mask residues                          	1
Mask residues probability              	0.9
Mask lower case residues               	0
Minimum diagonal score                 	15
Selected taxa                          	
Spaced k-mers                          	1
Spaced k-mer pattern                   	
Local temporary path                   	
Rescore mode                           	0
Remove hits by seq. id. and coverage   	false
Sort results                           	0
Mask profile                           	1
Profile E-value threshold              	0.001
Global sequence weighting              	false
Allow deletions                        	false
Filter MSA                             	1
Use filter only at N seqs              	0
Maximum seq. id. threshold             	0.9
Minimum seq. id.                       	0.0
Minimum score per column               	-20
Minimum coverage                       	0
Select N most diverse seqs             	1000
Pseudo count mode                      	0
Min codons in orf                      	30
Max codons in length                   	32734
Max orf gaps                           	2147483647
Contig start mode                      	2
Contig end mode                        	2
Orf start mode                         	1
Forward frames                         	1,2,3
Reverse frames                         	1,2,3
Translation table                      	1
Translate orf                          	0
Use all table starts                   	false
Offset of numeric ids                  	0
Create lookup                          	0
Add orf stop                           	false
Overlap between sequences              	0
Sequence split mode                    	1
Header split mode                      	0
Chain overlapping alignments           	0
Merge query                            	1
Search type                            	0
Search iterations                      	1
Start sensitivity                      	4
Search steps                           	1
Prefilter mode                         	0
Exhaustive search mode                 	false
Filter results during exhaustive search	0
Strand selection                       	1
LCA search mode                        	false
Disk space limit                       	0
MPI runner                             	
Force restart with latest tmp          	false
Remove temporary files                 	true
Alignment format                       	4
Format alignment output                	query,target,theader,fident,alnlen,mismatch,gapopen,qstart,qend,qlen,qcov,tstart,tend,tlen,tcov,evalue,bits,taxname
Database output                        	false
Overlap threshold                      	0
Database type                          	0
Shuffle input database                 	true
Createdb mode                          	0
Write lookup file                      	0
Greedy best hits                       	false

createdb ./mmseqs2_analysis_pdb/all_viral_proteins.fasta ./mmseqs2_analysis_pdb/tmp/1803521364064787634/query --dbtype 0 --shuffle 1 --createdb-mode 0 --write-lookup 0 --id-offset 0 --compressed 0 -v 3 

Converting sequences
[=======
Time for merging to query_h: 0h 0m 0s 9ms
Time for merging to query: 0h 0m 0s 41ms
Database type: Aminoacid
Time for processing: 0h 0m 0s 206ms
Create directory ./mmseqs2_analysis_pdb/tmp/1803521364064787634/search_tmp
search ./mmseqs2_analysis_pdb/tmp/1803521364064787634/query /db/foldseek/pdb ./mmseqs2_analysis_pdb/tmp/1803521364064787634/result ./mmseqs2_analysis_pdb/tmp/1803521364064787634/search_tmp --alignment-mode 3 -e 0.001 --threads 8 -s 7.5 --max-seqs 100000 --remove-tmp-files 1 

prefilter ./mmseqs2_analysis_pdb/tmp/1803521364064787634/query /db/foldseek/pdb ./mmseqs2_analysis_pdb/tmp/1803521364064787634/search_tmp/2767400452903154001/pref_0 --sub-mat 'aa:blosum62.out,nucl:nucleotide.out' --seed-sub-mat 'aa:VTML80.out,nucl:nucleotide.out' -k 0 --target-search-mode 0 --k-score seq:2147483647,prof:2147483647 --alph-size aa:21,nucl:5 --max-seq-len 65535 --max-seqs 100000 --split 0 --split-mode 2 --split-memory-limit 0 -c 0 --cov-mode 0 --comp-bias-corr 1 --comp-bias-corr-scale 1 --diag-score 1 --exact-kmer-matching 0 --mask 1 --mask-prob 0.9 --mask-lower-case 0 --min-ungapped-score 15 --add-self-matches 0 --spaced-kmer-mode 1 --db-load-mode 0 --pca substitution:1.100,context:1.400 --pcb substitution:4.100,context:5.800 --threads 8 --compressed 0 -v 3 -s 7.5 

Query database size: 71274 type: Aminoacid
Estimated memory consumption: 1G
Target database size: 349599 type: Aminoacid
Index table k-mer threshold: 96 at k-mer size 6 
Index table: counting k-mers
[=================================================================] 349.60K 2s 459ms
Index table: Masked residues: 531159
Index table: fill
[=================================================================] 349.60K 3s 923ms
Index statistics
Entries:          65390143
DB size:          862 MB
Avg k-mer size:   1.021721
Top 10 k-mers
    VKYPVT	4672
    VHFAQS	4571
    SGLSHT	4508
    WNGLGV	4500
    LYLSTV	4466
    SSLSSV	3484
    PALSLY	3484
    LVDFPV	3441
    YFEVSW	3416
    AAGLDY	3321
Time for index table init: 0h 0m 7s 519ms
Process prefiltering step 1 of 1

k-mer similarity threshold: 96
Starting prefiltering scores calculation (step 1 of 1)
Query db start 1 to 71274
Target db start 1 to 349599
[=================================================================] 71.27K 8m 21s 449ms

1662.390232 k-mers per position
662332 DB matches per sequence
3995 overflows
9191 sequences passed prefiltering per query sequence
5892 median result list length
75 sequences with 0 size result lists
Time for merging to pref_0: 0h 0m 0s 50ms
Time for processing: 0h 8m 30s 924ms
align ./mmseqs2_analysis_pdb/tmp/1803521364064787634/query /db/foldseek/pdb ./mmseqs2_analysis_pdb/tmp/1803521364064787634/search_tmp/2767400452903154001/pref_0 ./mmseqs2_analysis_pdb/tmp/1803521364064787634/result --sub-mat 'aa:blosum62.out,nucl:nucleotide.out' -a 0 --alignment-mode 3 --alignment-output-mode 0 --wrapped-scoring 0 -e 0.001 --min-seq-id 0 --min-aln-len 0 --seq-id-mode 0 --alt-ali 0 -c 0 --cov-mode 0 --max-seq-len 65535 --comp-bias-corr 1 --comp-bias-corr-scale 1 --max-rejected 2147483647 --max-accept 2147483647 --add-self-matches 0 --db-load-mode 0 --pca substitution:1.100,context:1.400 --pcb substitution:4.100,context:5.800 --score-bias 0 --realign 0 --realign-score-bias -0.2 --realign-max-seqs 2147483647 --corr-score-weight 0 --gap-open aa:11,nucl:5 --gap-extend aa:1,nucl:2 --zdrop 40 --threads 8 --compressed 0 -v 3 

Compute score, coverage and sequence identity
Query database size: 71274 type: Aminoacid
Target database size: 349599 type: Aminoacid
Calculation of alignments
[=================================================================] 71.27K 1h 17m 53s 788ms
Time for merging to result: 0h 0m 0s 26ms
655080960 alignments calculated
2354011 sequence pairs passed the thresholds (0.003593 of overall calculated)
33.027626 hits per query sequence
Time for processing: 1h 18m 15s 197ms
rmdb ./mmseqs2_analysis_pdb/tmp/1803521364064787634/search_tmp/2767400452903154001/pref_0 -v 3 

Time for processing: 0h 0m 2s 91ms
rmdb ./mmseqs2_analysis_pdb/tmp/1803521364064787634/search_tmp/2767400452903154001/aln_0 -v 3 

Time for processing: 0h 0m 0s 0ms
rmdb ./mmseqs2_analysis_pdb/tmp/1803521364064787634/search_tmp/2767400452903154001/input_0 -v 3 

Time for processing: 0h 0m 0s 0ms
rmdb ./mmseqs2_analysis_pdb/tmp/1803521364064787634/search_tmp/2767400452903154001/aln_merge -v 3 

Time for processing: 0h 0m 0s 0ms
convertalis ./mmseqs2_analysis_pdb/tmp/1803521364064787634/query /db/foldseek/pdb ./mmseqs2_analysis_pdb/tmp/1803521364064787634/result ./mmseqs2_analysis_pdb/all_proteins_pdb_results.tsv --sub-mat 'aa:blosum62.out,nucl:nucleotide.out' --format-mode 4 --format-output query,target,theader,fident,alnlen,mismatch,gapopen,qstart,qend,qlen,qcov,tstart,tend,tlen,tcov,evalue,bits,taxname --translation-table 1 --gap-open aa:11,nucl:5 --gap-extend aa:1,nucl:2 --db-output 0 --db-load-mode 0 --search-type 0 --threads 8 --compressed 0 -v 3 

[=================================================================] 71.27K 1s 60ms
Time for merging to all_proteins_pdb_results.tsv: 0h 0m 0s 812ms
Time for processing: 0h 0m 2s 589ms
rmdb ./mmseqs2_analysis_pdb/tmp/1803521364064787634/result -v 3 

Time for processing: 0h 0m 0s 51ms
rmdb ./mmseqs2_analysis_pdb/tmp/1803521364064787634/query -v 3 

Time for processing: 0h 0m 0s 8ms
rmdb ./mmseqs2_analysis_pdb/tmp/1803521364064787634/query_h -v 3 

Time for processing: 0h 0m 0s 1ms
